<?xml version="1.0" encoding="UTF-8"?>
<!-- Generated by org.testng.reporters.JUnitReportReporter -->
<testsuite hostname="Sarawat" failures="0" tests="1" name="Navigation" time="2.306" errors="0" timestamp="2023-07-28T23:03:51 EDT" skipped="0">
  <testcase classname="Navigation" name="linkTest" time="2.306"/>
  <system-out/>
</testsuite> <!-- Navigation -->
