<?xml version="1.0" encoding="UTF-8"?>
<!-- Generated by org.testng.reporters.JUnitReportReporter -->
<testsuite hostname="Sarawat" failures="0" tests="3" name="com.FacebookTest.FacebookTest1" time="7.880" errors="0" timestamp="2023-09-10T10:26:39 EDT" skipped="0">
  <testcase classname="com.FacebookTest.FacebookTest1" name="openChromeBrowser" time="4.153"/>
  <system-out/>
  <testcase classname="com.FacebookTest.FacebookTest1" name="testOne" time="0.001"/>
  <system-out/>
  <testcase classname="com.FacebookTest.FacebookTest1" name="opnEdgeBrowser" time="3.726"/>
  <system-out/>
</testsuite> <!-- com.FacebookTest.FacebookTest1 -->
