<?xml version="1.0" encoding="UTF-8"?>
<!-- Generated by org.testng.reporters.JUnitReportReporter -->
<testsuite hostname="Sarawat" failures="0" tests="4" name="com.facebook.locators.DirectLocators" time="1.782" errors="0" timestamp="2023-09-14T18:15:10 EDT" skipped="0">
  <testcase classname="com.facebook.locators.DirectLocators" name="partialLinkTextLocatorsTest" time="0.781"/>
  <system-out/>
  <testcase classname="com.facebook.locators.DirectLocators" name="idLocatorsTest" time="0.110"/>
  <system-out/>
  <testcase classname="com.facebook.locators.DirectLocators" name="nameLocatorsTest" time="0.102"/>
  <system-out/>
  <testcase classname="com.facebook.locators.DirectLocators" name="linkTextLocatorsTest" time="0.789"/>
  <system-out/>
</testsuite> <!-- com.facebook.locators.DirectLocators -->
