<?xml version="1.0" encoding="UTF-8"?>
<!-- Generated by org.testng.reporters.JUnitReportReporter -->
<testsuite hostname="Sarawat" failures="0" tests="1" name="com.facebook.locators.RegularXPath" time="0.206" errors="0" timestamp="2023-09-15T21:39:09 EDT" skipped="0">
  <testcase classname="com.facebook.locators.RegularXPath" name="logInTest" time="0.206"/>
  <system-out/>
</testsuite> <!-- com.facebook.locators.RegularXPath -->
