<?xml version="1.0" encoding="UTF-8"?>
<!-- Generated by org.testng.reporters.JUnitReportReporter -->
<testsuite hostname="Sarawat" failures="0" tests="1" name="com.facebook_WebDriverInterface.GetTitleAndURL" time="0.049" errors="0" timestamp="2023-07-26T22:42:31 EDT" skipped="0">
  <testcase classname="com.facebook_WebDriverInterface.GetTitleAndURL" name="homePageTest" time="0.049"/>
  <system-out/>
</testsuite> <!-- com.facebook_WebDriverInterface.GetTitleAndURL -->
