<?xml version="1.0" encoding="UTF-8"?>
<!-- Generated by org.testng.reporters.JUnitReportReporter -->
<testsuite hostname="Sarawat" failures="0" tests="2" name="com.facebook.FacebookTest" time="8.595" errors="0" timestamp="2023-07-22T14:53:57 EDT" skipped="0">
  <testcase classname="com.facebook.FacebookTest" name="openBrowser" time="1.145"/>
  <system-out/>
  <testcase classname="com.facebook.FacebookTest" name="openApplication" time="7.450"/>
  <system-out/>
</testsuite> <!-- com.facebook.FacebookTest -->
