<?xml version="1.0" encoding="UTF-8"?>
<!-- Generated by org.testng.reporters.JUnitReportReporter -->
<testsuite hostname="Sarawat" failures="0" tests="1" name="com.facebook_WebDriverInterface.MaximizeWindow" time="0.012" errors="0" timestamp="2023-07-23T11:17:25 EDT" skipped="0">
  <testcase classname="com.facebook_WebDriverInterface.MaximizeWindow" name="loginTest" time="0.012"/>
  <system-out/>
</testsuite> <!-- com.facebook_WebDriverInterface.MaximizeWindow -->
