<?xml version="1.0" encoding="UTF-8"?>
<!-- Generated by org.testng.reporters.JUnitReportReporter -->
<testsuite hostname="Sarawat" failures="0" tests="1" name="com.facebook_WebDriverInterface.LoginTest" time="0.377" errors="0" timestamp="2023-07-22T15:50:18 EDT" skipped="0">
  <testcase classname="com.facebook_WebDriverInterface.LoginTest" name="loginTest" time="0.377"/>
  <system-out/>
</testsuite> <!-- com.facebook_WebDriverInterface.LoginTest -->
