<?xml version="1.0" encoding="UTF-8"?>
<!-- Generated by org.testng.reporters.JUnitReportReporter -->
<testsuite hostname="Sarawat" failures="0" tests="1" name="com.facebook.locators.DoubleXpath" time="0.091" errors="0" timestamp="2023-09-15T22:13:20 EDT" skipped="0">
  <testcase classname="com.facebook.locators.DoubleXpath" name="andCondition" time="0.091"/>
  <system-out/>
</testsuite> <!-- com.facebook.locators.DoubleXpath -->
